c:\users\tytsy\desktop\новая папка\vp2_lr2\x64\debug\vc142.pdb
c:\users\tytsy\desktop\новая папка\vp2_lr2\x64\debug\vc142.idb
c:\users\tytsy\desktop\vp2_lr\vp2_lr2\x64\debug\vc142.pdb
c:\users\tytsy\desktop\vp2_lr\vp2_lr2\x64\debug\vc142.idb
c:\users\tytsy\desktop\vp2_lr\vp2_lr2\x64\debug\user.obj
c:\users\tytsy\desktop\vp2_lr\vp2_lr2\x64\debug\main.obj
c:\users\tytsy\desktop\vp2_lr\vp2_lr2\x64\debug\itemmenu.obj
c:\users\tytsy\desktop\vp2_lr\vp2_lr2\x64\debug\func.obj
c:\users\tytsy\desktop\vp2_lr\vp2_lr2\x64\debug\employee.obj
c:\users\tytsy\desktop\vp2_lr\vp2_lr2\x64\debug\cmenu.obj
c:\users\tytsy\desktop\vp2_lr\vp2_lr2\x64\debug\client.obj
c:\users\tytsy\desktop\vp2_lr\vp2_lr2\x64\debug\account.obj
c:\users\tytsy\desktop\vp2_lr\vp2_lr2\x64\debug\itemmenuabstract.obj
c:\users\tytsy\desktop\vp2_lr-8875859f4303c2486a53d5af5a4d647f690e03ab\vp2_lr2\x64\debug\vc142.pdb
c:\users\tytsy\desktop\vp2_lr-8875859f4303c2486a53d5af5a4d647f690e03ab\vp2_lr2\x64\debug\vc142.idb
c:\users\tytsy\desktop\vp2_lr-8875859f4303c2486a53d5af5a4d647f690e03ab\vp2_lr2\x64\debug\user.obj
c:\users\tytsy\desktop\vp2_lr-8875859f4303c2486a53d5af5a4d647f690e03ab\vp2_lr2\x64\debug\itemmenu.obj
c:\users\tytsy\desktop\vp2_lr-8875859f4303c2486a53d5af5a4d647f690e03ab\vp2_lr2\x64\debug\func.obj
c:\users\tytsy\desktop\vp2_lr-8875859f4303c2486a53d5af5a4d647f690e03ab\vp2_lr2\x64\debug\employee.obj
c:\users\tytsy\desktop\vp2_lr-8875859f4303c2486a53d5af5a4d647f690e03ab\vp2_lr2\x64\debug\cmenu.obj
c:\users\tytsy\desktop\vp2_lr-8875859f4303c2486a53d5af5a4d647f690e03ab\vp2_lr2\x64\debug\client.obj
c:\users\tytsy\desktop\vp2_lr-8875859f4303c2486a53d5af5a4d647f690e03ab\vp2_lr2\x64\debug\itemmenuabstract.obj
c:\users\tytsy\desktop\vp2_lr-8875859f4303c2486a53d5af5a4d647f690e03ab\vp2_lr2\x64\debug\account.obj
c:\users\tytsy\desktop\vp2_lr-8875859f4303c2486a53d5af5a4d647f690e03ab\vp2_lr2\x64\debug\main.obj
c:\users\tytsy\desktop\vp2_lr-8875859f4303c2486a53d5af5a4d647f690e03ab\x64\debug\vp2_lr2.exe
c:\users\tytsy\desktop\vp2_lr-8875859f4303c2486a53d5af5a4d647f690e03ab\vp2_lr2\x64\debug\vp2_lr2.ilk
c:\users\tytsy\desktop\vp2_lr-8875859f4303c2486a53d5af5a4d647f690e03ab\x64\debug\vp2_lr2.pdb
c:\users\tytsy\desktop\vp2_lr\x64\debug\vp2_lr2.exe
c:\users\tytsy\desktop\vp2_lr\vp2_lr2\x64\debug\vp2_lr2.ilk
c:\users\tytsy\desktop\vp2_lr\x64\debug\vp2_lr2.pdb
c:\users\tytsy\desktop\vp2_lr\vp2_lr2\x64\debug\main.obj.enc
c:\users\tytsy\desktop\vp2_lr\vp2_lr2\x64\debug\vp2_lr2.tlog\cl.command.1.tlog
c:\users\tytsy\desktop\vp2_lr\vp2_lr2\x64\debug\vp2_lr2.tlog\cl.read.1.tlog
c:\users\tytsy\desktop\vp2_lr\vp2_lr2\x64\debug\vp2_lr2.tlog\cl.write.1.tlog
c:\users\tytsy\desktop\vp2_lr\vp2_lr2\x64\debug\vp2_lr2.tlog\link.command.1.tlog
c:\users\tytsy\desktop\vp2_lr\vp2_lr2\x64\debug\vp2_lr2.tlog\link.read.1.tlog
c:\users\tytsy\desktop\vp2_lr\vp2_lr2\x64\debug\vp2_lr2.tlog\link.write.1.tlog
