  Client.cpp
C:\Users\tytsy\Desktop\Новая папка\VP2_LR2\User.h(22,40): error C4430: отсутствует спецификатор типа - предполагается int. Примечание. C++ не поддерживает int по умолчанию
C:\Users\tytsy\Desktop\Новая папка\VP2_LR2\User.h(22,40): error C2143: синтаксическая ошибка: отсутствие "," перед "&"
C:\Users\tytsy\Desktop\Новая папка\VP2_LR2\User.h(22,59): error C2803: "operator ==" должен иметь по крайней мере один формальный параметр типа класс
C:\Users\tytsy\Desktop\Новая папка\VP2_LR2\User.h(22,59): error C2805: бинарный "operator ==" имеет слишком мало параметров
C:\Users\tytsy\Desktop\Новая папка\VP2_LR2\Client.cpp(7,11): error C4996: 'ctime': This function or variable may be unsafe. Consider using ctime_s instead. To disable deprecation, use _CRT_SECURE_NO_WARNINGS. See online help for details.
  Employee.cpp
C:\Users\tytsy\Desktop\Новая папка\VP2_LR2\User.h(22,40): error C4430: отсутствует спецификатор типа - предполагается int. Примечание. C++ не поддерживает int по умолчанию
C:\Users\tytsy\Desktop\Новая папка\VP2_LR2\User.h(22,40): error C2143: синтаксическая ошибка: отсутствие "," перед "&"
C:\Users\tytsy\Desktop\Новая папка\VP2_LR2\User.h(22,59): error C2803: "operator ==" должен иметь по крайней мере один формальный параметр типа класс
C:\Users\tytsy\Desktop\Новая папка\VP2_LR2\User.h(22,59): error C2805: бинарный "operator ==" имеет слишком мало параметров
C:\Users\tytsy\Desktop\Новая папка\VP2_LR2\Employee.cpp(7,11): error C4996: 'ctime': This function or variable may be unsafe. Consider using ctime_s instead. To disable deprecation, use _CRT_SECURE_NO_WARNINGS. See online help for details.
C:\Users\tytsy\Desktop\Новая папка\VP2_LR2\Employee.cpp(39,16): error C2248: User::m_login: невозможно обратиться к protected член, объявленному в классе "User"
C:\Users\tytsy\Desktop\Новая папка\VP2_LR2\User.h(9): message : см. объявление "User::m_login"
C:\Users\tytsy\Desktop\Новая папка\VP2_LR2\User.h(6): message : см. объявление "User"
C:\Users\tytsy\Desktop\Новая папка\VP2_LR2\Employee.cpp(39,12): warning C4834: отмена возвращаемого значения функции с атрибутом "nodiscard"
C:\Users\tytsy\Desktop\Новая папка\VP2_LR2\Employee.cpp(40,15): error C2248: User::m_pass: невозможно обратиться к protected член, объявленному в классе "User"
C:\Users\tytsy\Desktop\Новая папка\VP2_LR2\User.h(10): message : см. объявление "User::m_pass"
C:\Users\tytsy\Desktop\Новая папка\VP2_LR2\User.h(6): message : см. объявление "User"
C:\Users\tytsy\Desktop\Новая папка\VP2_LR2\Employee.cpp(40,11): warning C4834: отмена возвращаемого значения функции с атрибутом "nodiscard"
  User.cpp
C:\Users\tytsy\Desktop\Новая папка\VP2_LR2\User.h(22,40): error C4430: отсутствует спецификатор типа - предполагается int. Примечание. C++ не поддерживает int по умолчанию
C:\Users\tytsy\Desktop\Новая папка\VP2_LR2\User.h(22,40): error C2143: синтаксическая ошибка: отсутствие "," перед "&"
C:\Users\tytsy\Desktop\Новая папка\VP2_LR2\User.h(22,59): error C2803: "operator ==" должен иметь по крайней мере один формальный параметр типа класс
C:\Users\tytsy\Desktop\Новая папка\VP2_LR2\User.h(22,59): error C2805: бинарный "operator ==" имеет слишком мало параметров
  main.cpp
C:\Users\tytsy\Desktop\Новая папка\VP2_LR2\User.h(22,40): error C4430: отсутствует спецификатор типа - предполагается int. Примечание. C++ не поддерживает int по умолчанию
C:\Users\tytsy\Desktop\Новая папка\VP2_LR2\User.h(22,40): error C2143: синтаксическая ошибка: отсутствие "," перед "&"
C:\Users\tytsy\Desktop\Новая папка\VP2_LR2\User.h(22,59): error C2803: "operator ==" должен иметь по крайней мере один формальный параметр типа класс
C:\Users\tytsy\Desktop\Новая папка\VP2_LR2\User.h(22,59): error C2805: бинарный "operator ==" имеет слишком мало параметров
C:\Users\tytsy\Desktop\Новая папка\VP2_LR2\main.cpp(141,28): error C2679: бинарный "==": не найден оператор, принимающий правый операнд типа "User" (или приемлемое преобразование отсутствует)
C:\Users\tytsy\Desktop\Новая папка\VP2_LR2\Client.h(14,14): message : может быть "bool operator ==(const Client &,const Client &)" [найдено при поиске с зависимостью от аргументов]
C:\Users\tytsy\Desktop\Новая папка\VP2_LR2\main.cpp(141,28): message : при попытке сопоставить список аргументов "(_Ty, User)"
          with
          [
              _Ty=Client
          ]
  Создание кода...
